[2021-05-11 09:51:46] local.ERROR: Maximum execution time of 30 seconds exceeded {"exception":"[object] (Symfony\\Component\\Debug\\Exception\\FatalErrorException(code: 1): Maximum execution time of 30 seconds exceeded at /var/www/accgo/vendor/laravel/framework/src/Illuminate/Database/Eloquent/Model.php:318)
[stacktrace]
#0 /var/www/accgo/vendor/laravel/framework/src/Illuminate/Foundation/Bootstrap/HandleExceptions.php(148): Symfony\\Component\\Debug\\Exception\\FatalErrorException->__construct(''Maximum execut...', '1', '0', ''/var/www/accgo...', '318', '0', '???', '???', '???')
#1 /var/www/accgo/vendor/laravel/framework/src/Illuminate/Foundation/Bootstrap/HandleExceptions.php(134): Illuminate\\Foundation\\Bootstrap\\HandleExceptions->fatalExceptionFromError('['type' => 1, '...', '0')
#2 /var/www/accgo/vendor/laravel/framework/src/Illuminate/Foundation/Bootstrap/HandleExceptions.php(0): Illuminate\\Foundation\\Bootstrap\\HandleExceptions->handleShutdown()
#3 /var/www/accgo/vendor/laravel/framework/src/Illuminate/Database/Eloquent/Model.php(171): Spatie\\Permission\\Models\\Permission->fill('['guard_name' =...')
#4 /var/www/accgo/vendor/spatie/laravel-permission/src/Models/Permission.php(28): Spatie\\Permission\\Models\\Permission->__construct('['guard_name' =...')
#5 /var/www/accgo/vendor/laravel/framework/src/Illuminate/Database/Eloquent/Model.php(392): Spatie\\Permission\\Models\\Permission->__construct('[]')
#6 /var/www/accgo/vendor/laravel/framework/src/Illuminate/Database/Eloquent/Model.php(414): Spatie\\Permission\\Models\\Permission->newInstance('[]', 'TRUE')
#7 /var/www/accgo/vendor/laravel/framework/src/Illuminate/Database/Eloquent/Builder.php(298): Spatie\\Permission\\Models\\Permission->newFromBuilder('class stdClass ...', '???')
#8 /var/www/accgo/vendor/laravel/framework/src/Illuminate/Database/Eloquent/Builder.php(297): Illuminate\\Database\\Eloquent\\Builder->Illuminate\\Database\\Eloquent\\{closure:/var/www/accgo/vendor/laravel/framework/src/Illuminate/Database/Eloquent/Builder.php:297-299}('class stdClass ...')
#9 /var/www/accgo/vendor/laravel/framework/src/Illuminate/Database/Eloquent/Builder.php(297): array_map('class Closure {...', Array)
#10 /var/www/accgo/vendor/laravel/framework/src/Illuminate/Support/Traits/ForwardsCalls.php(23): Illuminate\\Database\\Eloquent\\Builder->hydrate('[0 => class std...')
#11 /var/www/accgo/vendor/laravel/framework/src/Illuminate/Database/Eloquent/Model.php(1618): Spatie\\Permission\\Models\\Permission->forwardCallTo('class Illuminat...', ''hydrate'', '[0 => [0 => cla...')
#12 /var/www/accgo/vendor/laravel/framework/src/Illuminate/Database/Eloquent/Builder.php(521): Spatie\\Permission\\Models\\Permission->__call(''hydrate'', '[0 => [0 => cla...')
#13 /var/www/accgo/vendor/laravel/framework/src/Illuminate/Database/Eloquent/Builder.php(521): Spatie\\Permission\\Models\\Permission->hydrate('[0 => class std...')
#14 /var/www/accgo/vendor/laravel/framework/src/Illuminate/Database/Eloquent/Builder.php(505): Illuminate\\Database\\Eloquent\\Builder->getModels('[0 => '*']')
#15 /var/www/accgo/vendor/spatie/laravel-permission/src/PermissionRegistrar.php(135): Illuminate\\Database\\Eloquent\\Builder->get('???')
#16 /var/www/accgo/vendor/laravel/framework/src/Illuminate/Cache/Repository.php(383): Spatie\\Permission\\PermissionRegistrar->Spatie\\Permission\\{closure:/var/www/accgo/vendor/spatie/laravel-permission/src/PermissionRegistrar.php:132-136}()
#17 /var/www/accgo/vendor/spatie/laravel-permission/src/PermissionRegistrar.php(136): Illuminate\\Cache\\Repository->remember(''spatie.permiss...', 'class DateInter...', 'class Closure {...')
#18 /var/www/accgo/vendor/spatie/laravel-permission/src/Models/Permission.php(147): Spatie\\Permission\\PermissionRegistrar->getPermissions('['name' => 'del...')
#19 /var/www/accgo/vendor/spatie/laravel-permission/src/Models/Permission.php(90): Spatie\\Permission\\Models\\Permission::getPermissions('['name' => 'del...')
#20 /var/www/accgo/database/seeds/UsersTableSeeder.php(417): Spatie\\Permission\\Models\\Permission::findByName(''delete vender'', '???')
#21 /var/www/accgo/vendor/laravel/framework/src/Illuminate/Container/BoundMethod.php(32): UsersTableSeeder->run()
#22 /var/www/accgo/vendor/laravel/framework/src/Illuminate/Container/BoundMethod.php(32): call_user_func_array:{/var/www/accgo/vendor/laravel/framework/src/Illuminate/Container/BoundMethod.php:32}('[0 => class Use...', '[]')
#23 /var/www/accgo/vendor/laravel/framework/src/Illuminate/Container/BoundMethod.php(90): Illuminate\\Container\\BoundMethod::Illuminate\\Container\\{closure:/var/www/accgo/vendor/laravel/framework/src/Illuminate/Container/BoundMethod.php:30-34}()
#24 /var/www/accgo/vendor/laravel/framework/src/Illuminate/Container/BoundMethod.php(34): Illuminate\\Container\\BoundMethod::callBoundMethod('class Illuminat...', '[0 => class Use...', 'class Closure {...')
#25 /var/www/accgo/vendor/laravel/framework/src/Illuminate/Container/Container.php(576): Illuminate\\Container\\BoundMethod::call('class Illuminat...', '[0 => class Use...', '[]', 'NULL')
#26 /var/www/accgo/vendor/laravel/framework/src/Illuminate/Database/Seeder.php(124): Illuminate\\Foundation\\Application->call('[0 => class Use...', '???', '???')
#27 /var/www/accgo/vendor/laravel/framework/src/Illuminate/Database/Seeder.php(44): UsersTableSeeder->__invoke()
#28 /var/www/accgo/database/seeds/DatabaseSeeder.php(15): DatabaseSeeder->call(''UsersTableSeed...', '???')
#29 /var/www/accgo/vendor/laravel/framework/src/Illuminate/Container/BoundMethod.php(32): DatabaseSeeder->run()
#30 /var/www/accgo/vendor/laravel/framework/src/Illuminate/Container/BoundMethod.php(32): call_user_func_array:{/var/www/accgo/vendor/laravel/framework/src/Illuminate/Container/BoundMethod.php:32}('[0 => class Dat...', '[]')
#31 /var/www/accgo/vendor/laravel/framework/src/Illuminate/Container/BoundMethod.php(90): Illuminate\\Container\\BoundMethod::Illuminate\\Container\\{closure:/var/www/accgo/vendor/laravel/framework/src/Illuminate/Container/BoundMethod.php:30-34}()
#32 /var/www/accgo/vendor/laravel/framework/src/Illuminate/Container/BoundMethod.php(34): Illuminate\\Container\\BoundMethod::callBoundMethod('class Illuminat...', '[0 => class Dat...', 'class Closure {...')
#33 /var/www/accgo/vendor/laravel/framework/src/Illuminate/Container/Container.php(576): Illuminate\\Container\\BoundMethod::call('class Illuminat...', '[0 => class Dat...', '[]', 'NULL')
#34 /var/www/accgo/vendor/laravel/framework/src/Illuminate/Database/Seeder.php(124): Illuminate\\Foundation\\Application->call('[0 => class Dat...', '???', '???')
#35 /var/www/accgo/vendor/laravel/framework/src/Illuminate/Database/Console/Seeds/SeedCommand.php(63): DatabaseSeeder->__invoke()
#36 /var/www/accgo/vendor/laravel/framework/src/Illuminate/Database/Eloquent/Concerns/GuardsAttributes.php(122): Illuminate\\Database\\Console\\Seeds\\SeedCommand->Illuminate\\Database\\Console\\Seeds\\{closure:/var/www/accgo/vendor/laravel/framework/src/Illuminate/Database/Console/Seeds/SeedCommand.php:62-64}()
#37 /var/www/accgo/vendor/laravel/framework/src/Illuminate/Database/Console/Seeds/SeedCommand.php(64): Illuminate\\Database\\Eloquent\\Model::unguarded('class Closure {...')
#38 /var/www/accgo/vendor/laravel/framework/src/Illuminate/Container/BoundMethod.php(32): Illuminate\\Database\\Console\\Seeds\\SeedCommand->handle()
#39 /var/www/accgo/vendor/laravel/framework/src/Illuminate/Container/BoundMethod.php(32): call_user_func_array:{/var/www/accgo/vendor/laravel/framework/src/Illuminate/Container/BoundMethod.php:32}('[0 => class Ill...', '[]')
#40 /var/www/accgo/vendor/laravel/framework/src/Illuminate/Container/BoundMethod.php(90): Illuminate\\Container\\BoundMethod::Illuminate\\Container\\{closure:/var/www/accgo/vendor/laravel/framework/src/Illuminate/Container/BoundMethod.php:30-34}()
#41 /var/www/accgo/vendor/laravel/framework/src/Illuminate/Container/BoundMethod.php(34): Illuminate\\Container\\BoundMethod::callBoundMethod('class Illuminat...', '[0 => class Ill...', 'class Closure {...')
#42 /var/www/accgo/vendor/laravel/framework/src/Illuminate/Container/Container.php(576): Illuminate\\Container\\BoundMethod::call('class Illuminat...', '[0 => class Ill...', '[]', 'NULL')
#43 /var/www/accgo/vendor/laravel/framework/src/Illuminate/Console/Command.php(183): Illuminate\\Foundation\\Application->call('[0 => class Ill...', '???', '???')
#44 /var/www/accgo/vendor/symfony/console/Command/Command.php(255): Illuminate\\Database\\Console\\Seeds\\SeedCommand->execute('class Symfony\\\\C...', 'class Illuminat...')
#45 /var/www/accgo/vendor/laravel/framework/src/Illuminate/Console/Command.php(170): Illuminate\\Database\\Console\\Seeds\\SeedCommand->run('class Symfony\\\\C...', 'class Illuminat...')
#46 /var/www/accgo/vendor/symfony/console/Application.php(934): Illuminate\\Database\\Console\\Seeds\\SeedCommand->run('class Symfony\\\\C...', 'class Symfony\\\\C...')
#47 /var/www/accgo/vendor/symfony/console/Application.php(273): Illuminate\\Console\\Application->doRunCommand('class Illuminat...', 'class Symfony\\\\C...', 'class Symfony\\\\C...')
#48 /var/www/accgo/vendor/symfony/console/Application.php(149): Illuminate\\Console\\Application->doRun('class Symfony\\\\C...', 'class Symfony\\\\C...')
#49 /var/www/accgo/vendor/laravel/framework/src/Illuminate/Console/Application.php(90): Illuminate\\Console\\Application->run('class Symfony\\\\C...', 'class Symfony\\\\C...')
#50 /var/www/accgo/vendor/laravel/framework/src/Illuminate/Console/Application.php(182): Illuminate\\Console\\Application->run('class Symfony\\\\C...', 'class Symfony\\\\C...')
#51 /var/www/accgo/vendor/laravel/framework/src/Illuminate/Foundation/Console/Kernel.php(275): Illuminate\\Console\\Application->call(''db:seed'', '['--force' => T...', 'class Symfony\\\\C...')
#52 /var/www/accgo/vendor/laravel/framework/src/Illuminate/Support/Facades/Facade.php(239): App\\Console\\Kernel->call(''db:seed'', '['--force' => T...', 'class Symfony\\\\C...')
#53 /var/www/accgo/vendor/rachidlaasri/laravel-installer/src/Helpers/DatabaseManager.php(55): Illuminate\\Support\\Facades\\Facade::__callStatic(''call'', '[0 => 'db:seed'...')
#54 /var/www/accgo/vendor/rachidlaasri/laravel-installer/src/Helpers/DatabaseManager.php(55): Illuminate\\Support\\Facades\\Facade::call(''db:seed'', '['--force' => T...', 'class Symfony\\\\C...')
#55 /var/www/accgo/vendor/rachidlaasri/laravel-installer/src/Helpers/DatabaseManager.php(43): RachidLaasri\\LaravelInstaller\\Helpers\\DatabaseManager->seed('class Symfony\\\\C...')
#56 /var/www/accgo/vendor/rachidlaasri/laravel-installer/src/Helpers/DatabaseManager.php(25): RachidLaasri\\LaravelInstaller\\Helpers\\DatabaseManager->migrate('class Symfony\\\\C...')
#57 /var/www/accgo/vendor/rachidlaasri/laravel-installer/src/Controllers/DatabaseController.php(30): RachidLaasri\\LaravelInstaller\\Helpers\\DatabaseManager->migrateAndSeed()
#58 /var/www/accgo/vendor/laravel/framework/src/Illuminate/Routing/Controller.php(54): RachidLaasri\\LaravelInstaller\\Controllers\\DatabaseController->database()
#59 /var/www/accgo/vendor/laravel/framework/src/Illuminate/Routing/Controller.php(54): call_user_func_array:{/var/www/accgo/vendor/laravel/framework/src/Illuminate/Routing/Controller.php:54}('[0 => class Rac...', '[]')
#60 /var/www/accgo/vendor/laravel/framework/src/Illuminate/Routing/ControllerDispatcher.php(45): RachidLaasri\\LaravelInstaller\\Controllers\\DatabaseController->callAction(''database'', '[]')
#61 /var/www/accgo/vendor/laravel/framework/src/Illuminate/Routing/Route.php(219): Illuminate\\Routing\\ControllerDispatcher->dispatch('class Illuminat...', 'class RachidLaa...', ''database'')
#62 /var/www/accgo/vendor/laravel/framework/src/Illuminate/Routing/Route.php(176): Illuminate\\Routing\\Route->runController()
#63 /var/www/accgo/vendor/laravel/framework/src/Illuminate/Routing/Router.php(680): Illuminate\\Routing\\Route->run()
#64 /var/www/accgo/vendor/laravel/framework/src/Illuminate/Routing/Pipeline.php(30): Illuminate\\Routing\\Router->Illuminate\\Routing\\{closure:/var/www/accgo/vendor/laravel/framework/src/Illuminate/Routing/Router.php:678-682}('class Illuminat...')
#65 /var/www/accgo/vendor/rachidlaasri/laravel-installer/src/Middleware/canInstall.php(49): Illuminate\\Routing\\Pipeline->Illuminate\\Routing\\{closure:/var/www/accgo/vendor/laravel/framework/src/Illuminate/Routing/Pipeline.php:28-36}('class Illuminat...')
#66 /var/www/accgo/vendor/laravel/framework/src/Illuminate/Pipeline/Pipeline.php(163): RachidLaasri\\LaravelInstaller\\Middleware\\canInstall->handle('class Illuminat...', 'class Closure {...')
#67 /var/www/accgo/vendor/laravel/framework/src/Illuminate/Routing/Pipeline.php(53): Illuminate\\Routing\\Pipeline->Illuminate\\Pipeline\\{closure:/var/www/accgo/vendor/laravel/framework/src/Illuminate/Pipeline/Pipeline.php:140-169}('class Illuminat...')
#68 /var/www/accgo/vendor/laravel/framework/src/Illuminate/Routing/Middleware/SubstituteBindings.php(41): Illuminate\\Routing\\Pipeline->Illuminate\\Routing\\{closure:/var/www/accgo/vendor/laravel/framework/src/Illuminate/Routing/Pipeline.php:47-59}('class Illuminat...')
#69 /var/www/accgo/vendor/laravel/framework/src/Illuminate/Pipeline/Pipeline.php(163): Illuminate\\Routing\\Middleware\\SubstituteBindings->handle('class Illuminat...', 'class Closure {...')
#70 /var/www/accgo/vendor/laravel/framework/src/Illuminate/Routing/Pipeline.php(53): Illuminate\\Routing\\Pipeline->Illuminate\\Pipeline\\{closure:/var/www/accgo/vendor/laravel/framework/src/Illuminate/Pipeline/Pipeline.php:140-169}('class Illuminat...')
#71 /var/www/accgo/vendor/laravel/framework/src/Illuminate/Foundation/Http/Middleware/VerifyCsrfToken.php(75): Illuminate\\Routing\\Pipeline->Illuminate\\Routing\\{closure:/var/www/accgo/vendor/laravel/framework/src/Illuminate/Routing/Pipeline.php:47-59}('class Illuminat...')
#72 /var/www/accgo/vendor/laravel/framework/src/Illuminate/Pipeline/Pipeline.php(163): App\\Http\\Middleware\\VerifyCsrfToken->handle('class Illuminat...', 'class Closure {...')
#73 /var/www/accgo/vendor/laravel/framework/src/Illuminate/Routing/Pipeline.php(53): Illuminate\\Routing\\Pipeline->Illuminate\\Pipeline\\{closure:/var/www/accgo/vendor/laravel/framework/src/Illuminate/Pipeline/Pipeline.php:140-169}('class Illuminat...')
#74 /var/www/accgo/vendor/laravel/framework/src/Illuminate/View/Middleware/ShareErrorsFromSession.php(49): Illuminate\\Routing\\Pipeline->Illuminate\\Routing\\{closure:/var/www/accgo/vendor/laravel/framework/src/Illuminate/Routing/Pipeline.php:47-59}('class Illuminat...')
#75 /var/www/accgo/vendor/laravel/framework/src/Illuminate/Pipeline/Pipeline.php(163): Illuminate\\View\\Middleware\\ShareErrorsFromSession->handle('class Illuminat...', 'class Closure {...')
#76 /var/www/accgo/vendor/laravel/framework/src/Illuminate/Routing/Pipeline.php(53): Illuminate\\Routing\\Pipeline->Illuminate\\Pipeline\\{closure:/var/www/accgo/vendor/laravel/framework/src/Illuminate/Pipeline/Pipeline.php:140-169}('class Illuminat...')
#77 /var/www/accgo/vendor/laravel/framework/src/Illuminate/Session/Middleware/StartSession.php(56): Illuminate\\Routing\\Pipeline->Illuminate\\Routing\\{closure:/var/www/accgo/vendor/laravel/framework/src/Illuminate/Routing/Pipeline.php:47-59}('class Illuminat...')
#78 /var/www/accgo/vendor/laravel/framework/src/Illuminate/Pipeline/Pipeline.php(163): Illuminate\\Session\\Middleware\\StartSession->handle('class Illuminat...', 'class Closure {...')
#79 /var/www/accgo/vendor/laravel/framework/src/Illuminate/Routing/Pipeline.php(53): Illuminate\\Routing\\Pipeline->Illuminate\\Pipeline\\{closure:/var/www/accgo/vendor/laravel/framework/src/Illuminate/Pipeline/Pipeline.php:140-169}('class Illuminat...')
#80 /var/www/accgo/vendor/laravel/framework/src/Illuminate/Cookie/Middleware/AddQueuedCookiesToResponse.php(37): Illuminate\\Routing\\Pipeline->Illuminate\\Routing\\{closure:/var/www/accgo/vendor/laravel/framework/src/Illuminate/Routing/Pipeline.php:47-59}('class Illuminat...')
#81 /var/www/accgo/vendor/laravel/framework/src/Illuminate/Pipeline/Pipeline.php(163): Illuminate\\Cookie\\Middleware\\AddQueuedCookiesToResponse->handle('class Illuminat...', 'class Closure {...')
#82 /var/www/accgo/vendor/laravel/framework/src/Illuminate/Routing/Pipeline.php(53): Illuminate\\Routing\\Pipeline->Illuminate\\Pipeline\\{closure:/var/www/accgo/vendor/laravel/framework/src/Illuminate/Pipeline/Pipeline.php:140-169}('class Illuminat...')
#83 /var/www/accgo/vendor/laravel/framework/src/Illuminate/Cookie/Middleware/EncryptCookies.php(66): Illuminate\\Routing\\Pipeline->Illuminate\\Routing\\{closure:/var/www/accgo/vendor/laravel/framework/src/Illuminate/Routing/Pipeline.php:47-59}('class Illuminat...')
#84 /var/www/accgo/vendor/laravel/framework/src/Illuminate/Pipeline/Pipeline.php(163): App\\Http\\Middleware\\EncryptCookies->handle('class Illuminat...', 'class Closure {...')
#85 /var/www/accgo/vendor/laravel/framework/src/Illuminate/Routing/Pipeline.php(53): Illuminate\\Routing\\Pipeline->Illuminate\\Pipeline\\{closure:/var/www/accgo/vendor/laravel/framework/src/Illuminate/Pipeline/Pipeline.php:140-169}('class Illuminat...')
#86 /var/www/accgo/vendor/laravel/framework/src/Illuminate/Pipeline/Pipeline.php(104): Illuminate\\Routing\\Pipeline->Illuminate\\Routing\\{closure:/var/www/accgo/vendor/laravel/framework/src/Illuminate/Routing/Pipeline.php:47-59}('class Illuminat...')
#87 /var/www/accgo/vendor/laravel/framework/src/Illuminate/Routing/Router.php(682): Illuminate\\Routing\\Pipeline->then('class Closure {...')
#88 /var/www/accgo/vendor/laravel/framework/src/Illuminate/Routing/Router.php(657): Illuminate\\Routing\\Router->runRouteWithinStack('class Illuminat...', 'class Illuminat...')
#89 /var/www/accgo/vendor/laravel/framework/src/Illuminate/Routing/Router.php(623): Illuminate\\Routing\\Router->runRoute('class Illuminat...', 'class Illuminat...')
#90 /var/www/accgo/vendor/laravel/framework/src/Illuminate/Routing/Router.php(612): Illuminate\\Routing\\Router->dispatchToRoute('class Illuminat...')
#91 /var/www/accgo/vendor/laravel/framework/src/Illuminate/Foundation/Http/Kernel.php(176): Illuminate\\Routing\\Router->dispatch('class Illuminat...')
#92 /var/www/accgo/vendor/laravel/framework/src/Illuminate/Routing/Pipeline.php(30): App\\Http\\Kernel->Illuminate\\Foundation\\Http\\{closure:/var/www/accgo/vendor/laravel/framework/src/Illuminate/Foundation/Http/Kernel.php:173-177}('class Illuminat...')
#93 /var/www/accgo/vendor/laravel/framework/src/Illuminate/Foundation/Http/Middleware/TransformsRequest.php(21): Illuminate\\Routing\\Pipeline->Illuminate\\Routing\\{closure:/var/www/accgo/vendor/laravel/framework/src/Illuminate/Routing/Pipeline.php:28-36}('class Illuminat...')
#94 /var/www/accgo/vendor/laravel/framework/src/Illuminate/Pipeline/Pipeline.php(163): Illuminate\\Foundation\\Http\\Middleware\\ConvertEmptyStringsToNull->handle('class Illuminat...', 'class Closure {...')
#95 /var/www/accgo/vendor/laravel/framework/src/Illuminate/Routing/Pipeline.php(53): Illuminate\\Routing\\Pipeline->Illuminate\\Pipeline\\{closure:/var/www/accgo/vendor/laravel/framework/src/Illuminate/Pipeline/Pipeline.php:140-169}('class Illuminat...')
#96 /var/www/accgo/vendor/laravel/framework/src/Illuminate/Foundation/Http/Middleware/TransformsRequest.php(21): Illuminate\\Routing\\Pipeline->Illuminate\\Routing\\{closure:/var/www/accgo/vendor/laravel/framework/src/Illuminate/Routing/Pipeline.php:47-59}('class Illuminat...')
#97 /var/www/accgo/vendor/laravel/framework/src/Illuminate/Pipeline/Pipeline.php(163): App\\Http\\Middleware\\TrimStrings->handle('class Illuminat...', 'class Closure {...')
#98 /var/www/accgo/vendor/laravel/framework/src/Illuminate/Routing/Pipeline.php(53): Illuminate\\Routing\\Pipeline->Illuminate\\Pipeline\\{closure:/var/www/accgo/vendor/laravel/framework/src/Illuminate/Pipeline/Pipeline.php:140-169}('class Illuminat...')
#99 /var/www/accgo/vendor/laravel/framework/src/Illuminate/Foundation/Http/Middleware/ValidatePostSize.php(27): Illuminate\\Routing\\Pipeline->Illuminate\\Routing\\{closure:/var/www/accgo/vendor/laravel/framework/src/Illuminate/Routing/Pipeline.php:47-59}('class Illuminat...')
#100 /var/www/accgo/vendor/laravel/framework/src/Illuminate/Pipeline/Pipeline.php(163): Illuminate\\Foundation\\Http\\Middleware\\ValidatePostSize->handle('class Illuminat...', 'class Closure {...')
#101 /var/www/accgo/vendor/laravel/framework/src/Illuminate/Routing/Pipeline.php(53): Illuminate\\Routing\\Pipeline->Illuminate\\Pipeline\\{closure:/var/www/accgo/vendor/laravel/framework/src/Illuminate/Pipeline/Pipeline.php:140-169}('class Illuminat...')
#102 /var/www/accgo/vendor/laravel/framework/src/Illuminate/Foundation/Http/Middleware/CheckForMaintenanceMode.php(62): Illuminate\\Routing\\Pipeline->Illuminate\\Routing\\{closure:/var/www/accgo/vendor/laravel/framework/src/Illuminate/Routing/Pipeline.php:47-59}('class Illuminat...')
#103 /var/www/accgo/vendor/laravel/framework/src/Illuminate/Pipeline/Pipeline.php(163): App\\Http\\Middleware\\CheckForMaintenanceMode->handle('class Illuminat...', 'class Closure {...')
#104 /var/www/accgo/vendor/laravel/framework/src/Illuminate/Routing/Pipeline.php(53): Illuminate\\Routing\\Pipeline->Illuminate\\Pipeline\\{closure:/var/www/accgo/vendor/laravel/framework/src/Illuminate/Pipeline/Pipeline.php:140-169}('class Illuminat...')
#105 /var/www/accgo/vendor/fideloper/proxy/src/TrustProxies.php(57): Illuminate\\Routing\\Pipeline->Illuminate\\Routing\\{closure:/var/www/accgo/vendor/laravel/framework/src/Illuminate/Routing/Pipeline.php:47-59}('class Illuminat...')
#106 /var/www/accgo/vendor/laravel/framework/src/Illuminate/Pipeline/Pipeline.php(163): App\\Http\\Middleware\\TrustProxies->handle('class Illuminat...', 'class Closure {...')
#107 /var/www/accgo/vendor/laravel/framework/src/Illuminate/Routing/Pipeline.php(53): Illuminate\\Routing\\Pipeline->Illuminate\\Pipeline\\{closure:/var/www/accgo/vendor/laravel/framework/src/Illuminate/Pipeline/Pipeline.php:140-169}('class Illuminat...')
#108 /var/www/accgo/vendor/laravel/framework/src/Illuminate/Pipeline/Pipeline.php(104): Illuminate\\Routing\\Pipeline->Illuminate\\Routing\\{closure:/var/www/accgo/vendor/laravel/framework/src/Illuminate/Routing/Pipeline.php:47-59}('class Illuminat...')
#109 /var/www/accgo/vendor/laravel/framework/src/Illuminate/Foundation/Http/Kernel.php(151): Illuminate\\Routing\\Pipeline->then('class Closure {...')
#110 /var/www/accgo/vendor/laravel/framework/src/Illuminate/Foundation/Http/Kernel.php(116): App\\Http\\Kernel->sendRequestThroughRouter('class Illuminat...')
#111 /var/www/accgo/public/index.php(55): App\\Http\\Kernel->handle('class Illuminat...')
#112 /var/www/accgo/public/index.php(0): {main}()
#113 {main}
"} 
